# JRE version: OpenJDK Runtime Environment (11.0.8+10) (build 11.0.8+10-post-Ubuntu-0ubuntu120.04)
# Java VM: OpenJDK 64-Bit Server VM (11.0.8+10-post-Ubuntu-0ubuntu120.04, mixed mode, sharing, tiered, compressed oops, serial gc, linux-amd64)
Heap:
 def new generation   total 19136K, used 4799K [0x00000000c2600000, 0x00000000c3ac0000, 0x00000000d6ea0000)
  eden space 17024K,  22% used [0x00000000c2600000, 0x00000000c29b3038, 0x00000000c36a0000)
  from space 2112K,  47% used [0x00000000c36a0000, 0x00000000c379ced0, 0x00000000c38b0000)
  to   space 2112K,   0% used [0x00000000c38b0000, 0x00000000c38b0000, 0x00000000c3ac0000)
 tenured generation   total 42368K, used 25146K [0x00000000d6ea0000, 0x00000000d9800000, 0x0000000100000000)
   the space 42368K,  59% used [0x00000000d6ea0000, 0x00000000d872e910, 0x00000000d872ea00, 0x00000000d9800000)
 Metaspace       used 62729K, capacity 64154K, committed 64384K, reserved 1105920K
  class space    used 8007K, capacity 8552K, committed 8576K, reserved 1048576K
GC Heap History (20 events):
Event: 7,960 GC heap before
{Heap before GC invocations=39 (full 2):
 def new generation   total 19136K, used 18053K [0x00000000c2600000, 0x00000000c3ac0000, 0x00000000d6ea0000)
  eden space 17024K, 100% used [0x00000000c2600000, 0x00000000c36a0000, 0x00000000c36a0000)
  from space 2112K,  48% used [0x00000000c38b0000, 0x00000000c39b17c0, 0x00000000c3ac0000)
  to   space 2112K,   0% used [0x00000000c36a0000, 0x00000000c36a0000, 0x00000000c38b0000)
 tenured generation   total 42368K, used 20847K [0x00000000d6ea0000, 0x00000000d9800000, 0x0000000100000000)
   the space 42368K,  49% used [0x00000000d6ea0000, 0x00000000d82fbd00, 0x00000000d82fbe00, 0x00000000d9800000)
 Metaspace       used 51978K, capacity 53148K, committed 53760K, reserved 1095680K
  class space    used 6670K, capacity 7096K, committed 7168K, reserved 1048576K
}
Event: 7,963 GC heap after
{Heap after GC invocations=40 (full 2):
 def new generation   total 19136K, used 2112K [0x00000000c2600000, 0x00000000c3ac0000, 0x00000000d6ea0000)
  eden space 17024K,   0% used [0x00000000c2600000, 0x00000000c2600000, 0x00000000c36a0000)
  from space 2112K, 100% used [0x00000000c36a0000, 0x00000000c38b0000, 0x00000000c38b0000)
  to   space 2112K,   0% used [0x00000000c38b0000, 0x00000000c38b0000, 0x00000000c3ac0000)
 tenured generation   total 42368K, used 20885K [0x00000000d6ea0000, 0x00000000d9800000, 0x0000000100000000)
   the space 42368K,  49% used [0x00000000d6ea0000, 0x00000000d8305568, 0x00000000d8305600, 0x00000000d9800000)
 Metaspace       used 51978K, capacity 53148K, committed 53760K, reserved 1095680K
  class space    used 6670K, capacity 7096K, committed 7168K, reserved 1048576K
}
Event: 8,175 GC heap before
{Heap before GC invocations=40 (full 2):
 def new generation   total 19136K, used 19136K [0x00000000c2600000, 0x00000000c3ac0000, 0x00000000d6ea0000)
  eden space 17024K, 100% used [0x00000000c2600000, 0x00000000c36a0000, 0x00000000c36a0000)
  from space 2112K, 100% used [0x00000000c36a0000, 0x00000000c38b0000, 0x00000000c38b0000)
  to   space 2112K,   0% used [0x00000000c38b0000, 0x00000000c38b0000, 0x00000000c3ac0000)
 tenured generation   total 42368K, used 20885K [0x00000000d6ea0000, 0x00000000d9800000, 0x0000000100000000)
   the space 42368K,  49% used [0x00000000d6ea0000, 0x00000000d8305568, 0x00000000d8305600, 0x00000000d9800000)
 Metaspace       used 53622K, capacity 54894K, committed 55296K, reserved 1097728K
  class space    used 6907K, capacity 7402K, committed 7424K, reserved 1048576K
}
Event: 8,179 GC heap after
{Heap after GC invocations=41 (full 2):
 def new generation   total 19136K, used 527K [0x00000000c2600000, 0x00000000c3ac0000, 0x00000000d6ea0000)
  eden space 17024K,   0% used [0x00000000c2600000, 0x00000000c2600000, 0x00000000c36a0000)
  from space 2112K,  24% used [0x00000000c38b0000, 0x00000000c3933ff8, 0x00000000c3ac0000)
  to   space 2112K,   0% used [0x00000000c36a0000, 0x00000000c36a0000, 0x00000000c38b0000)
 tenured generation   total 42368K, used 22617K [0x00000000d6ea0000, 0x00000000d9800000, 0x0000000100000000)
   the space 42368K,  53% used [0x00000000d6ea0000, 0x00000000d84b67b8, 0x00000000d84b6800, 0x00000000d9800000)
 Metaspace       used 53622K, capacity 54894K, committed 55296K, reserved 1097728K
  class space    used 6907K, capacity 7402K, committed 7424K, reserved 1048576K
}
Event: 8,395 GC heap before
{Heap before GC invocations=41 (full 2):
 def new generation   total 19136K, used 17551K [0x00000000c2600000, 0x00000000c3ac0000, 0x00000000d6ea0000)
  eden space 17024K, 100% used [0x00000000c2600000, 0x00000000c36a0000, 0x00000000c36a0000)
  from space 2112K,  24% used [0x00000000c38b0000, 0x00000000c3933ff8, 0x00000000c3ac0000)
  to   space 2112K,   0% used [0x00000000c36a0000, 0x00000000c36a0000, 0x00000000c38b0000)
 tenured generation   total 42368K, used 22617K [0x00000000d6ea0000, 0x00000000d9800000, 0x0000000100000000)
   the space 42368K,  53% used [0x00000000d6ea0000, 0x00000000d84b67b8, 0x00000000d84b6800, 0x00000000d9800000)
 Metaspace       used 54410K, capacity 55671K, committed 55936K, reserved 1097728K
  class space    used 7008K, capacity 7489K, committed 7552K, reserved 1048576K
}
Event: 8,397 GC heap after
{Heap after GC invocations=42 (full 2):
 def new generation   total 19136K, used 1555K [0x00000000c2600000, 0x00000000c3ac0000, 0x00000000d6ea0000)
  eden space 17024K,   0% used [0x00000000c2600000, 0x00000000c2600000, 0x00000000c36a0000)
  from space 2112K,  73% used [0x00000000c36a0000, 0x00000000c3824ed8, 0x00000000c38b0000)
  to   space 2112K,   0% used [0x00000000c38b0000, 0x00000000c38b0000, 0x00000000c3ac0000)
 tenured generation   total 42368K, used 22617K [0x00000000d6ea0000, 0x00000000d9800000, 0x0000000100000000)
   the space 42368K,  53% used [0x00000000d6ea0000, 0x00000000d84b67b8, 0x00000000d84b6800, 0x00000000d9800000)
 Metaspace       used 54410K, capacity 55671K, committed 55936K, reserved 1097728K
  class space    used 7008K, capacity 7489K, committed 7552K, reserved 1048576K
}
Event: 8,584 GC heap before
{Heap before GC invocations=42 (full 2):
 def new generation   total 19136K, used 18579K [0x00000000c2600000, 0x00000000c3ac0000, 0x00000000d6ea0000)
  eden space 17024K, 100% used [0x00000000c2600000, 0x00000000c36a0000, 0x00000000c36a0000)
  from space 2112K,  73% used [0x00000000c36a0000, 0x00000000c3824ed8, 0x00000000c38b0000)
  to   space 2112K,   0% used [0x00000000c38b0000, 0x00000000c38b0000, 0x00000000c3ac0000)
 tenured generation   total 42368K, used 22617K [0x00000000d6ea0000, 0x00000000d9800000, 0x0000000100000000)
   the space 42368K,  53% used [0x00000000d6ea0000, 0x00000000d84b67b8, 0x00000000d84b6800, 0x00000000d9800000)
 Metaspace       used 55245K, capacity 56531K, committed 56832K, reserved 1097728K
  class space    used 7120K, capacity 7605K, committed 7680K, reserved 1048576K
}
Event: 8,601 GC heap after
{Heap after GC invocations=43 (full 2):
 def new generation   total 19136K, used 796K [0x00000000c2600000, 0x00000000c3ac0000, 0x00000000d6ea0000)
  eden space 17024K,   0% used [0x00000000c2600000, 0x00000000c2600000, 0x00000000c36a0000)
  from space 2112K,  37% used [0x00000000c38b0000, 0x00000000c3977338, 0x00000000c3ac0000)
  to   space 2112K,   0% used [0x00000000c36a0000, 0x00000000c36a0000, 0x00000000c38b0000)
 tenured generation   total 42368K, used 23842K [0x00000000d6ea0000, 0x00000000d9800000, 0x0000000100000000)
   the space 42368K,  56% used [0x00000000d6ea0000, 0x00000000d85e8960, 0x00000000d85e8a00, 0x00000000d9800000)
 Metaspace       used 55245K, capacity 56531K, committed 56832K, reserved 1097728K
  class space    used 7120K, capacity 7605K, committed 7680K, reserved 1048576K
}
Event: 8,804 GC heap before
{Heap before GC invocations=43 (full 2):
 def new generation   total 19136K, used 17820K [0x00000000c2600000, 0x00000000c3ac0000, 0x00000000d6ea0000)
  eden space 17024K, 100% used [0x00000000c2600000, 0x00000000c36a0000, 0x00000000c36a0000)
  from space 2112K,  37% used [0x00000000c38b0000, 0x00000000c3977338, 0x00000000c3ac0000)
  to   space 2112K,   0% used [0x00000000c36a0000, 0x00000000c36a0000, 0x00000000c38b0000)
 tenured generation   total 42368K, used 23842K [0x00000000d6ea0000, 0x00000000d9800000, 0x0000000100000000)
   the space 42368K,  56% used [0x00000000d6ea0000, 0x00000000d85e8960, 0x00000000d85e8a00, 0x00000000d9800000)
 Metaspace       used 56188K, capacity 57537K, committed 57728K, reserved 1099776K
  class space    used 7240K, capacity 7739K, committed 7808K, reserved 1048576K
}
Event: 8,806 GC heap after
{Heap after GC invocations=44 (full 2):
 def new generation   total 19136K, used 1606K [0x00000000c2600000, 0x00000000c3ac0000, 0x00000000d6ea0000)
  eden space 17024K,   0% used [0x00000000c2600000, 0x00000000c2600000, 0x00000000c36a0000)
  from space 2112K,  76% used [0x00000000c36a0000, 0x00000000c3831ae0, 0x00000000c38b0000)
  to   space 2112K,   0% used [0x00000000c38b0000, 0x00000000c38b0000, 0x00000000c3ac0000)
 tenured generation   total 42368K, used 23842K [0x00000000d6ea0000, 0x00000000d9800000, 0x0000000100000000)
   the space 42368K,  56% used [0x00000000d6ea0000, 0x00000000d85e8960, 0x00000000d85e8a00, 0x00000000d9800000)
 Metaspace       used 56188K, capacity 57537K, committed 57728K, reserved 1099776K
  class space    used 7240K, capacity 7739K, committed 7808K, reserved 1048576K
}
Event: 18,322 GC heap before
{Heap before GC invocations=44 (full 2):
 def new generation   total 19136K, used 18630K [0x00000000c2600000, 0x00000000c3ac0000, 0x00000000d6ea0000)
  eden space 17024K, 100% used [0x00000000c2600000, 0x00000000c36a0000, 0x00000000c36a0000)
  from space 2112K,  76% used [0x00000000c36a0000, 0x00000000c3831ae0, 0x00000000c38b0000)
  to   space 2112K,   0% used [0x00000000c38b0000, 0x00000000c38b0000, 0x00000000c3ac0000)
 tenured generation   total 42368K, used 23842K [0x00000000d6ea0000, 0x00000000d9800000, 0x0000000100000000)
   the space 42368K,  56% used [0x00000000d6ea0000, 0x00000000d85e8960, 0x00000000d85e8a00, 0x00000000d9800000)
 Metaspace       used 57430K, capacity 58808K, committed 58880K, reserved 1099776K
  class space    used 7391K, capacity 7905K, committed 7936K, reserved 1048576K
}
Event: 18,326 GC heap after
{Heap after GC invocations=45 (full 2):
 def new generation   total 19136K, used 1368K [0x00000000c2600000, 0x00000000c3ac0000, 0x00000000d6ea0000)
  eden space 17024K,   0% used [0x00000000c2600000, 0x00000000c2600000, 0x00000000c36a0000)
  from space 2112K,  64% used [0x00000000c38b0000, 0x00000000c3a06240, 0x00000000c3ac0000)
  to   space 2112K,   0% used [0x00000000c36a0000, 0x00000000c36a0000, 0x00000000c38b0000)
 tenured generation   total 42368K, used 24549K [0x00000000d6ea0000, 0x00000000d9800000, 0x0000000100000000)
   the space 42368K,  57% used [0x00000000d6ea0000, 0x00000000d8699598, 0x00000000d8699600, 0x00000000d9800000)
 Metaspace       used 57430K, capacity 58808K, committed 58880K, reserved 1099776K
  class space    used 7391K, capacity 7905K, committed 7936K, reserved 1048576K
}
Event: 18,334 GC heap before
{Heap before GC invocations=45 (full 2):
 def new generation   total 19136K, used 1871K [0x00000000c2600000, 0x00000000c3ac0000, 0x00000000d6ea0000)
  eden space 17024K,   2% used [0x00000000c2600000, 0x00000000c267dba0, 0x00000000c36a0000)
  from space 2112K,  64% used [0x00000000c38b0000, 0x00000000c3a06240, 0x00000000c3ac0000)
  to   space 2112K,   0% used [0x00000000c36a0000, 0x00000000c36a0000, 0x00000000c38b0000)
 tenured generation   total 42368K, used 24549K [0x00000000d6ea0000, 0x00000000d9800000, 0x0000000100000000)
   the space 42368K,  57% used [0x00000000d6ea0000, 0x00000000d8699598, 0x00000000d8699600, 0x00000000d9800000)
 Metaspace       used 57458K, capacity 58808K, committed 58880K, reserved 1099776K
  class space    used 7396K, capacity 7905K, committed 7936K, reserved 1048576K
}
Event: 18,369 GC heap after
{Heap after GC invocations=46 (full 3):
 def new generation   total 19136K, used 0K [0x00000000c2600000, 0x00000000c3ac0000, 0x00000000d6ea0000)
  eden space 17024K,   0% used [0x00000000c2600000, 0x00000000c2600000, 0x00000000c36a0000)
  from space 2112K,   0% used [0x00000000c38b0000, 0x00000000c38b0000, 0x00000000c3ac0000)
  to   space 2112K,   0% used [0x00000000c36a0000, 0x00000000c36a0000, 0x00000000c38b0000)
 tenured generation   total 42368K, used 25146K [0x00000000d6ea0000, 0x00000000d9800000, 0x0000000100000000)
   the space 42368K,  59% used [0x00000000d6ea0000, 0x00000000d872e910, 0x00000000d872ea00, 0x00000000d9800000)
 Metaspace       used 57458K, capacity 58808K, committed 58880K, reserved 1099776K
  class space    used 7396K, capacity 7905K, committed 7936K, reserved 1048576K
}
Event: 18,610 GC heap before
{Heap before GC invocations=46 (full 3):
 def new generation   total 19136K, used 17024K [0x00000000c2600000, 0x00000000c3ac0000, 0x00000000d6ea0000)
  eden space 17024K, 100% used [0x00000000c2600000, 0x00000000c36a0000, 0x00000000c36a0000)
  from space 2112K,   0% used [0x00000000c38b0000, 0x00000000c38b0000, 0x00000000c3ac0000)
  to   space 2112K,   0% used [0x00000000c36a0000, 0x00000000c36a0000, 0x00000000c38b0000)
 tenured generation   total 42368K, used 25146K [0x00000000d6ea0000, 0x00000000d9800000, 0x0000000100000000)
   the space 42368K,  59% used [0x00000000d6ea0000, 0x00000000d872e910, 0x00000000d872ea00, 0x00000000d9800000)
 Metaspace       used 58820K, capacity 60196K, committed 60416K, reserved 1101824K
  class space    used 7559K, capacity 8069K, committed 8192K, reserved 1048576K
}
Event: 18,611 GC heap after
{Heap after GC invocations=47 (full 3):
 def new generation   total 19136K, used 480K [0x00000000c2600000, 0x00000000c3ac0000, 0x00000000d6ea0000)
  eden space 17024K,   0% used [0x00000000c2600000, 0x00000000c2600000, 0x00000000c36a0000)
  from space 2112K,  22% used [0x00000000c36a0000, 0x00000000c3718378, 0x00000000c38b0000)
  to   space 2112K,   0% used [0x00000000c38b0000, 0x00000000c38b0000, 0x00000000c3ac0000)
 tenured generation   total 42368K, used 25146K [0x00000000d6ea0000, 0x00000000d9800000, 0x0000000100000000)
   the space 42368K,  59% used [0x00000000d6ea0000, 0x00000000d872e910, 0x00000000d872ea00, 0x00000000d9800000)
 Metaspace       used 58820K, capacity 60196K, committed 60416K, reserved 1101824K
  class space    used 7559K, capacity 8069K, committed 8192K, reserved 1048576K
}
Event: 21,141 GC heap before
{Heap before GC invocations=47 (full 3):
 def new generation   total 19136K, used 17504K [0x00000000c2600000, 0x00000000c3ac0000, 0x00000000d6ea0000)
  eden space 17024K, 100% used [0x00000000c2600000, 0x00000000c36a0000, 0x00000000c36a0000)
  from space 2112K,  22% used [0x00000000c36a0000, 0x00000000c3718378, 0x00000000c38b0000)
  to   space 2112K,   0% used [0x00000000c38b0000, 0x00000000c38b0000, 0x00000000c3ac0000)
 tenured generation   total 42368K, used 25146K [0x00000000d6ea0000, 0x00000000d9800000, 0x0000000100000000)
   the space 42368K,  59% used [0x00000000d6ea0000, 0x00000000d872e910, 0x00000000d872ea00, 0x00000000d9800000)
 Metaspace       used 60773K, capacity 62203K, committed 62464K, reserved 1103872K
  class space    used 7799K, capacity 8353K, committed 8448K, reserved 1048576K
}
Event: 21,143 GC heap after
{Heap after GC invocations=48 (full 3):
 def new generation   total 19136K, used 767K [0x00000000c2600000, 0x00000000c3ac0000, 0x00000000d6ea0000)
  eden space 17024K,   0% used [0x00000000c2600000, 0x00000000c2600000, 0x00000000c36a0000)
  from space 2112K,  36% used [0x00000000c38b0000, 0x00000000c396fc88, 0x00000000c3ac0000)
  to   space 2112K,   0% used [0x00000000c36a0000, 0x00000000c36a0000, 0x00000000c38b0000)
 tenured generation   total 42368K, used 25146K [0x00000000d6ea0000, 0x00000000d9800000, 0x0000000100000000)
   the space 42368K,  59% used [0x00000000d6ea0000, 0x00000000d872e910, 0x00000000d872ea00, 0x00000000d9800000)
 Metaspace       used 60773K, capacity 62203K, committed 62464K, reserved 1103872K
  class space    used 7799K, capacity 8353K, committed 8448K, reserved 1048576K
}
Event: 25,567 GC heap before
{Heap before GC invocations=48 (full 3):
 def new generation   total 19136K, used 17791K [0x00000000c2600000, 0x00000000c3ac0000, 0x00000000d6ea0000)
  eden space 17024K, 100% used [0x00000000c2600000, 0x00000000c36a0000, 0x00000000c36a0000)
  from space 2112K,  36% used [0x00000000c38b0000, 0x00000000c396fc88, 0x00000000c3ac0000)
  to   space 2112K,   0% used [0x00000000c36a0000, 0x00000000c36a0000, 0x00000000c38b0000)
 tenured generation   total 42368K, used 25146K [0x00000000d6ea0000, 0x00000000d9800000, 0x0000000100000000)
   the space 42368K,  59% used [0x00000000d6ea0000, 0x00000000d872e910, 0x00000000d872ea00, 0x00000000d9800000)
 Metaspace       used 62345K, capacity 63802K, committed 64128K, reserved 1105920K
  class space    used 7981K, capacity 8520K, committed 8576K, reserved 1048576K
}
Event: 25,570 GC heap after
{Heap after GC invocations=49 (full 3):
 def new generation   total 19136K, used 1011K [0x00000000c2600000, 0x00000000c3ac0000, 0x00000000d6ea0000)
  eden space 17024K,   0% used [0x00000000c2600000, 0x00000000c2600000, 0x00000000c36a0000)
  from space 2112K,  47% used [0x00000000c36a0000, 0x00000000c379ced0, 0x00000000c38b0000)
  to   space 2112K,   0% used [0x00000000c38b0000, 0x00000000c38b0000, 0x00000000c3ac0000)
 tenured generation   total 42368K, used 25146K [0x00000000d6ea0000, 0x00000000d9800000, 0x0000000100000000)
   the space 42368K,  59% used [0x00000000d6ea0000, 0x00000000d872e910, 0x00000000d872ea00, 0x00000000d9800000)
 Metaspace       used 62345K, capacity 63802K, committed 64128K, reserved 1105920K
  class space    used 7981K, capacity 8520K, committed 8576K, reserved 1048576K
}

